<?xml version="1.0" encoding="utf-8" standalone="no"?>
<!--This file represents the results of running a test suite-->
<test-results name="C:\inetpub\wwwroot\JON\NumberSequenceCalculator\Calculator.Test\bin\Debug\Calculator.Test.dll" total="1" errors="0" failures="1" not-run="0" inconclusive="0" ignored="0" skipped="0" invalid="0" date="2016-08-31" time="22:37:03">
  <environment nunit-version="2.6.4.14350" clr-version="2.0.50727.8689" os-version="Microsoft Windows NT 6.2.9200.0" platform="Win32NT" cwd="C:\Program Files (x86)\NUnit 2.6.4\bin" machine-name="HP" user="hp laptop" user-domain="HP" />
  <culture-info current-culture="en-IN" current-uiculture="en-US" />
  <test-suite type="Assembly" name="C:\inetpub\wwwroot\JON\NumberSequenceCalculator\Calculator.Test\bin\Debug\Calculator.Test.dll" executed="True" result="Failure" success="False" time="0.256" asserts="0">
    <results>
      <test-suite type="Namespace" name="Calculator" executed="True" result="Failure" success="False" time="0.208" asserts="0">
        <results>
          <test-suite type="Namespace" name="Test" executed="True" result="Failure" success="False" time="0.207" asserts="0">
            <results>
              <test-suite type="TestFixture" name="PrintNumbers" executed="True" result="Failure" success="False" time="0.205" asserts="0">
                <results>
                  <test-suite type="ParameterizedTest" name="Print" executed="True" result="Failure" success="False" time="0.189" asserts="0">
                    <results>
                      <test-case name="Calculator.Test.PrintNumbers.Print(5,&quot;1,2,3,4,5&quot;)" executed="True" result="Failure" success="False" time="0.176" asserts="1">
                        <failure>
                          <message><![CDATA[  Expected: "1,2,3,4,5"
  But was:  5
]]></message>
                          <stack-trace><![CDATA[at Calculator.Test.PrintNumbers.Print(Int32 number, String expectedResult) in C:\inetpub\wwwroot\JON\NumberSequenceCalculator\Calculator.Test\PrintNumbers.cs:line 74
]]></stack-trace>
                        </failure>
                      </test-case>
                    </results>
                  </test-suite>
                </results>
              </test-suite>
            </results>
          </test-suite>
        </results>
      </test-suite>
    </results>
  </test-suite>
</test-results>